c:\users\rupert\documents\visual studio 2015\projects\consoleapplication1\consoleapplication1\debug\consoleapplication1.pch
c:\users\rupert\documents\visual studio 2015\projects\consoleapplication1\consoleapplication1\debug\vc140.pdb
c:\users\rupert\documents\visual studio 2015\projects\consoleapplication1\consoleapplication1\debug\vc140.idb
c:\users\rupert\documents\visual studio 2015\projects\consoleapplication1\consoleapplication1\debug\stdafx.obj
c:\users\rupert\documents\visual studio 2015\projects\consoleapplication1\consoleapplication1\debug\consoleapplication1.obj
c:\users\rupert\documents\visual studio 2015\projects\consoleapplication1\consoleapplication1\debug\sfmlconsoleapp1.obj
c:\users\rupert\documents\visual studio 2015\projects\consoleapplication1\consoleapplication1\debug\gameloop.obj
c:\users\rupert\documents\visual studio 2015\projects\consoleapplication1\consoleapplication1\debug\menu.obj
c:\users\rupert\documents\visual studio 2015\projects\consoleapplication1\consoleapplication1\debug\gameplay.obj
c:\users\rupert\documents\visual studio 2015\projects\consoleapplication1\consoleapplication1\debug\map.obj
c:\users\rupert\documents\visual studio 2015\projects\consoleapplication1\debug\consoleapplication1.ilk
c:\users\rupert\documents\visual studio 2015\projects\consoleapplication1\debug\consoleapplication1.exe
c:\users\rupert\documents\visual studio 2015\projects\consoleapplication1\debug\consoleapplication1.pdb
c:\users\rupert\documents\visual studio 2015\projects\consoleapplication1\consoleapplication1\debug\map.obj.enc
c:\users\rupert\documents\visual studio 2015\projects\consoleapplication1\consoleapplication1\debug\sfmlconsoleapp1.obj.enc
c:\users\rupert\documents\visual studio 2015\projects\consoleapplication1\consoleapplication1\debug\consolea.69e02b87.tlog\cl.command.1.tlog
c:\users\rupert\documents\visual studio 2015\projects\consoleapplication1\consoleapplication1\debug\consolea.69e02b87.tlog\cl.read.1.tlog
c:\users\rupert\documents\visual studio 2015\projects\consoleapplication1\consoleapplication1\debug\consolea.69e02b87.tlog\cl.write.1.tlog
c:\users\rupert\documents\visual studio 2015\projects\consoleapplication1\consoleapplication1\debug\consolea.69e02b87.tlog\link.command.1.tlog
c:\users\rupert\documents\visual studio 2015\projects\consoleapplication1\consoleapplication1\debug\consolea.69e02b87.tlog\link.read.1.tlog
c:\users\rupert\documents\visual studio 2015\projects\consoleapplication1\consoleapplication1\debug\consolea.69e02b87.tlog\link.write.1.tlog
