C:\Program Files (x86)\MSBuild\Microsoft.Cpp\v4.0\V140\Microsoft.CppBuild.targets(392,5): warning MSB8028: The intermediate directory (Debug\) contains files shared from another project (ConsoleApplication1.vcxproj).  This can lead to incorrect clean and rebuild behavior.
  stdafx.cpp
  gameLoop.cpp
  TileGame.cpp
c:\users\rupert\documents\visual studio 2015\projects\consoleapplication1\consoleapplication1\map.h(18): warning C4244: 'initializing': conversion from 'float' to 'unsigned int', possible loss of data
c:\users\rupert\documents\visual studio 2015\projects\consoleapplication1\consoleapplication1\map.h(19): warning C4244: 'initializing': conversion from 'float' to 'unsigned int', possible loss of data
c:\users\rupert\documents\visual studio 2015\projects\consoleapplication1\consoleapplication1\map.h(26): warning C4018: '<': signed/unsigned mismatch
c:\users\rupert\documents\visual studio 2015\projects\consoleapplication1\consoleapplication1\map.h(28): warning C4018: '<': signed/unsigned mismatch
c:\users\rupert\documents\visual studio 2015\projects\consoleapplication1\consoleapplication1\tilegame.cpp(25): warning C4244: 'argument': conversion from 'unsigned int' to 'float', possible loss of data
  Menu.cpp
  Map.cpp
c:\users\rupert\documents\visual studio 2015\projects\consoleapplication1\consoleapplication1\map.h(18): warning C4244: 'initializing': conversion from 'float' to 'unsigned int', possible loss of data
c:\users\rupert\documents\visual studio 2015\projects\consoleapplication1\consoleapplication1\map.h(19): warning C4244: 'initializing': conversion from 'float' to 'unsigned int', possible loss of data
c:\users\rupert\documents\visual studio 2015\projects\consoleapplication1\consoleapplication1\map.h(26): warning C4018: '<': signed/unsigned mismatch
c:\users\rupert\documents\visual studio 2015\projects\consoleapplication1\consoleapplication1\map.h(28): warning C4018: '<': signed/unsigned mismatch
  Gameplay.cpp
c:\users\rupert\documents\visual studio 2015\projects\consoleapplication1\consoleapplication1\map.h(18): warning C4244: 'initializing': conversion from 'float' to 'unsigned int', possible loss of data
c:\users\rupert\documents\visual studio 2015\projects\consoleapplication1\consoleapplication1\map.h(19): warning C4244: 'initializing': conversion from 'float' to 'unsigned int', possible loss of data
c:\users\rupert\documents\visual studio 2015\projects\consoleapplication1\consoleapplication1\map.h(26): warning C4018: '<': signed/unsigned mismatch
c:\users\rupert\documents\visual studio 2015\projects\consoleapplication1\consoleapplication1\map.h(28): warning C4018: '<': signed/unsigned mismatch
  Generating Code...
  ConsoleApplication1.vcxproj -> C:\Users\Rupert\Documents\Visual Studio 2015\Projects\ConsoleApplication1\Debug\Tile Game.exe
  ConsoleApplication1.vcxproj -> C:\Users\Rupert\Documents\Visual Studio 2015\Projects\ConsoleApplication1\Debug\Tile Game.pdb (Full PDB)
